2018-11-18 20:06:06.655  INFO 12740 --- [main] com.uni.student.LmSystemApplication      : Starting LmSystemApplication on DESKTOP-J67JODG with PID 12740 (C:\Users\Sobiha\eclipse-workspace\LMSystem\target\classes started by Sobiha in C:\Users\Sobiha\eclipse-workspace\LMSystem)
2018-11-18 20:06:06.665  INFO 12740 --- [main] com.uni.student.LmSystemApplication      : No active profile set, falling back to default profiles: default
2018-11-18 20:06:07.832  INFO 12740 --- [main] .s.d.r.c.RepositoryConfigurationDelegate : Bootstrapping Spring Data repositories in DEFAULT mode.
2018-11-18 20:06:07.956  INFO 12740 --- [main] .s.d.r.c.RepositoryConfigurationDelegate : Finished Spring Data repository scanning in 110ms. Found 1 repository interfaces.
2018-11-18 20:06:08.350  INFO 12740 --- [main] trationDelegate$BeanPostProcessorChecker : Bean 'org.springframework.transaction.annotation.ProxyTransactionManagementConfiguration' of type [org.springframework.transaction.annotation.ProxyTransactionManagementConfiguration$$EnhancerBySpringCGLIB$$4c75b97c] is not eligible for getting processed by all BeanPostProcessors (for example: not eligible for auto-proxying)
2018-11-18 20:06:08.736  INFO 12740 --- [main] o.s.b.w.embedded.tomcat.TomcatWebServer  : Tomcat initialized with port(s): 8080 (http)
2018-11-18 20:06:08.759  INFO 12740 --- [main] o.apache.catalina.core.StandardService   : Starting service [Tomcat]
2018-11-18 20:06:08.759  INFO 12740 --- [main] org.apache.catalina.core.StandardEngine  : Starting Servlet Engine: Apache Tomcat/9.0.12
2018-11-18 20:06:08.767  INFO 12740 --- [main] o.a.catalina.core.AprLifecycleListener   : The APR based Apache Tomcat Native library which allows optimal performance in production environments was not found on the java.library.path: [C:\Program Files\Java\jre1.8.0_171\bin;C:\windows\Sun\Java\bin;C:\windows\system32;C:\windows;C:/Program Files/Java/jre1.8.0_171/bin/server;C:/Program Files/Java/jre1.8.0_171/bin;C:/Program Files/Java/jre1.8.0_171/lib/amd64;C:\Program Files (x86)\Common Files\Oracle\Java\javapath;C:\Program Files (x86)\Intel\iCLS Client\;C:\Program Files\Intel\iCLS Client\;C:\windows\system32;C:\windows;C:\windows\System32\Wbem;C:\windows\System32\WindowsPowerShell\v1.0\;C:\Program Files\Intel\WiFi\bin\;C:\Program Files\Common Files\Intel\WirelessCommon\;C:\Program Files (x86)\Intel\Intel(R) Management Engine Components\DAL;C:\Program Files\Intel\Intel(R) Management Engine Components\DAL;C:\Program Files (x86)\Intel\Intel(R) Management Engine Components\IPT;C:\Program Files\Intel\Intel(R) Management Engine Components\IPT;C:\Program Files\Java\jdk1.8.0_171\bin;C:\PostgreSQL\pg10\bin;C:\apache-maven-3.5.4-bin\apache-maven-3.5.4\bin;C:\Program Files\Java\jdk1.8.0_171\bin;C:\Program Files\nodejs\;C:\Users\Sobiha\AppData\Local\Microsoft\WindowsApps;C:\Users\Sobiha\AppData\Local\Programs\Git\cmd;C:\Users\Sobiha\AppData\Local\Programs\Microsoft VS Code\bin;C:\Users\Sobiha\AppData\Roaming\npm;E:\eclipse;;.]
2018-11-18 20:06:08.931  INFO 12740 --- [main] o.a.c.c.C.[Tomcat].[localhost].[/]       : Initializing Spring embedded WebApplicationContext
2018-11-18 20:06:08.931  INFO 12740 --- [main] o.s.web.context.ContextLoader            : Root WebApplicationContext: initialization completed in 2199 ms
2018-11-18 20:06:08.956  INFO 12740 --- [main] o.s.b.w.servlet.ServletRegistrationBean  : Servlet dispatcherServlet mapped to [/]
2018-11-18 20:06:08.960  INFO 12740 --- [main] o.s.b.w.servlet.FilterRegistrationBean   : Mapping filter: 'characterEncodingFilter' to: [/*]
2018-11-18 20:06:08.960  INFO 12740 --- [main] o.s.b.w.servlet.FilterRegistrationBean   : Mapping filter: 'hiddenHttpMethodFilter' to: [/*]
2018-11-18 20:06:08.960  INFO 12740 --- [main] o.s.b.w.servlet.FilterRegistrationBean   : Mapping filter: 'formContentFilter' to: [/*]
2018-11-18 20:06:08.960  INFO 12740 --- [main] o.s.b.w.servlet.FilterRegistrationBean   : Mapping filter: 'requestContextFilter' to: [/*]
2018-11-18 20:06:09.189  INFO 12740 --- [main] com.zaxxer.hikari.HikariDataSource       : HikariPool-1 - Starting...
2018-11-18 20:06:09.313  INFO 12740 --- [main] com.zaxxer.hikari.HikariDataSource       : HikariPool-1 - Start completed.
2018-11-18 20:06:09.440  INFO 12740 --- [main] o.hibernate.jpa.internal.util.LogHelper  : HHH000204: Processing PersistenceUnitInfo [
	name: default
	...]
2018-11-18 20:06:09.642  INFO 12740 --- [main] org.hibernate.Version                    : HHH000412: Hibernate Core {5.3.7.Final}
2018-11-18 20:06:09.644  INFO 12740 --- [main] org.hibernate.cfg.Environment            : HHH000206: hibernate.properties not found
2018-11-18 20:06:10.059  INFO 12740 --- [main] o.hibernate.annotations.common.Version   : HCANN000001: Hibernate Commons Annotations {5.0.4.Final}
2018-11-18 20:06:10.271  INFO 12740 --- [main] org.hibernate.dialect.Dialect            : HHH000400: Using dialect: org.hibernate.dialect.PostgreSQL94Dialect
2018-11-18 20:06:10.288  INFO 12740 --- [main] o.h.e.j.e.i.LobCreatorBuilderImpl        : HHH000422: Disabling contextual LOB creation as connection was null
2018-11-18 20:06:10.294  INFO 12740 --- [main] org.hibernate.type.BasicTypeRegistry     : HHH000270: Type registration [java.util.UUID] overrides previous : org.hibernate.type.UUIDBinaryType@7718a40f
2018-11-18 20:06:11.397  INFO 12740 --- [main] j.LocalContainerEntityManagerFactoryBean : Initialized JPA EntityManagerFactory for persistence unit 'default'
2018-11-18 20:06:11.907  INFO 12740 --- [main] o.s.s.concurrent.ThreadPoolTaskExecutor  : Initializing ExecutorService 'applicationTaskExecutor'
2018-11-18 20:06:11.991  WARN 12740 --- [main] aWebConfiguration$JpaWebMvcConfiguration : spring.jpa.open-in-view is enabled by default. Therefore, database queries may be performed during view rendering. Explicitly configure spring.jpa.open-in-view to disable this warning
2018-11-18 20:06:12.164 ERROR 12740 --- [main] org.apache.catalina.util.LifecycleBase   : Failed to start component [Connector[HTTP/1.1-8080]]

org.apache.catalina.LifecycleException: Protocol handler start failed
	at org.apache.catalina.connector.Connector.startInternal(Connector.java:960)
	at org.apache.catalina.util.LifecycleBase.start(LifecycleBase.java:183)
	at org.apache.catalina.core.StandardService.addConnector(StandardService.java:225)
	at org.springframework.boot.web.embedded.tomcat.TomcatWebServer.addPreviouslyRemovedConnectors(TomcatWebServer.java:259)
	at org.springframework.boot.web.embedded.tomcat.TomcatWebServer.start(TomcatWebServer.java:197)
	at org.springframework.boot.web.servlet.context.ServletWebServerApplicationContext.startWebServer(ServletWebServerApplicationContext.java:300)
	at org.springframework.boot.web.servlet.context.ServletWebServerApplicationContext.finishRefresh(ServletWebServerApplicationContext.java:162)
	at org.springframework.context.support.AbstractApplicationContext.refresh(AbstractApplicationContext.java:549)
	at org.springframework.boot.web.servlet.context.ServletWebServerApplicationContext.refresh(ServletWebServerApplicationContext.java:140)
	at org.springframework.boot.SpringApplication.refresh(SpringApplication.java:775)
	at org.springframework.boot.SpringApplication.refreshContext(SpringApplication.java:397)
	at org.springframework.boot.SpringApplication.run(SpringApplication.java:316)
	at org.springframework.boot.SpringApplication.run(SpringApplication.java:1260)
	at org.springframework.boot.SpringApplication.run(SpringApplication.java:1248)
	at com.uni.student.LmSystemApplication.main(LmSystemApplication.java:10)
Caused by: java.net.BindException: Address already in use: bind
	at sun.nio.ch.Net.bind0(Native Method)
	at sun.nio.ch.Net.bind(Unknown Source)
	at sun.nio.ch.Net.bind(Unknown Source)
	at sun.nio.ch.ServerSocketChannelImpl.bind(Unknown Source)
	at sun.nio.ch.ServerSocketAdaptor.bind(Unknown Source)
	at org.apache.tomcat.util.net.NioEndpoint.initServerSocket(NioEndpoint.java:236)
	at org.apache.tomcat.util.net.NioEndpoint.bind(NioEndpoint.java:210)
	at org.apache.tomcat.util.net.AbstractEndpoint.start(AbstractEndpoint.java:1108)
	at org.apache.coyote.AbstractProtocol.start(AbstractProtocol.java:550)
	at org.apache.catalina.connector.Connector.startInternal(Connector.java:957)
	... 14 common frames omitted

2018-11-18 20:06:12.170  INFO 12740 --- [main] o.apache.catalina.core.StandardService   : Stopping service [Tomcat]
2018-11-18 20:06:12.180  INFO 12740 --- [main] ConditionEvaluationReportLoggingListener : 

Error starting ApplicationContext. To display the conditions report re-run your application with 'debug' enabled.
2018-11-18 20:06:12.182 ERROR 12740 --- [main] o.s.b.d.LoggingFailureAnalysisReporter   : 

***************************
APPLICATION FAILED TO START
***************************

Description:

The Tomcat connector configured to listen on port 8080 failed to start. The port may already be in use or the connector may be misconfigured.

Action:

Verify the connector's configuration, identify and stop any process that's listening on port 8080, or configure this application to listen on another port.

2018-11-18 20:06:12.190  INFO 12740 --- [main] o.s.s.concurrent.ThreadPoolTaskExecutor  : Shutting down ExecutorService 'applicationTaskExecutor'
2018-11-18 20:06:12.192  INFO 12740 --- [main] j.LocalContainerEntityManagerFactoryBean : Closing JPA EntityManagerFactory for persistence unit 'default'
2018-11-18 20:06:12.193  INFO 12740 --- [main] com.zaxxer.hikari.HikariDataSource       : HikariPool-1 - Shutdown initiated...
2018-11-18 20:06:12.203  INFO 12740 --- [main] com.zaxxer.hikari.HikariDataSource       : HikariPool-1 - Shutdown completed.
2018-11-18 20:07:13.635  INFO 50368 --- [main] com.uni.student.LmSystemApplication      : Starting LmSystemApplication on DESKTOP-J67JODG with PID 50368 (C:\Users\Sobiha\eclipse-workspace\LMSystem\target\classes started by Sobiha in C:\Users\Sobiha\eclipse-workspace\LMSystem)
2018-11-18 20:07:13.640  INFO 50368 --- [main] com.uni.student.LmSystemApplication      : No active profile set, falling back to default profiles: default
2018-11-18 20:07:14.633  INFO 50368 --- [main] .s.d.r.c.RepositoryConfigurationDelegate : Bootstrapping Spring Data repositories in DEFAULT mode.
2018-11-18 20:07:14.739  INFO 50368 --- [main] .s.d.r.c.RepositoryConfigurationDelegate : Finished Spring Data repository scanning in 98ms. Found 1 repository interfaces.
2018-11-18 20:07:15.158  INFO 50368 --- [main] trationDelegate$BeanPostProcessorChecker : Bean 'org.springframework.transaction.annotation.ProxyTransactionManagementConfiguration' of type [org.springframework.transaction.annotation.ProxyTransactionManagementConfiguration$$EnhancerBySpringCGLIB$$8749f09c] is not eligible for getting processed by all BeanPostProcessors (for example: not eligible for auto-proxying)
2018-11-18 20:07:15.567  INFO 50368 --- [main] o.s.b.w.embedded.tomcat.TomcatWebServer  : Tomcat initialized with port(s): 8080 (http)
2018-11-18 20:07:15.592  INFO 50368 --- [main] o.apache.catalina.core.StandardService   : Starting service [Tomcat]
2018-11-18 20:07:15.594  INFO 50368 --- [main] org.apache.catalina.core.StandardEngine  : Starting Servlet Engine: Apache Tomcat/9.0.12
2018-11-18 20:07:15.605  INFO 50368 --- [main] o.a.catalina.core.AprLifecycleListener   : The APR based Apache Tomcat Native library which allows optimal performance in production environments was not found on the java.library.path: [C:\Program Files\Java\jre1.8.0_171\bin;C:\windows\Sun\Java\bin;C:\windows\system32;C:\windows;C:/Program Files/Java/jre1.8.0_171/bin/server;C:/Program Files/Java/jre1.8.0_171/bin;C:/Program Files/Java/jre1.8.0_171/lib/amd64;C:\Program Files (x86)\Common Files\Oracle\Java\javapath;C:\Program Files (x86)\Intel\iCLS Client\;C:\Program Files\Intel\iCLS Client\;C:\windows\system32;C:\windows;C:\windows\System32\Wbem;C:\windows\System32\WindowsPowerShell\v1.0\;C:\Program Files\Intel\WiFi\bin\;C:\Program Files\Common Files\Intel\WirelessCommon\;C:\Program Files (x86)\Intel\Intel(R) Management Engine Components\DAL;C:\Program Files\Intel\Intel(R) Management Engine Components\DAL;C:\Program Files (x86)\Intel\Intel(R) Management Engine Components\IPT;C:\Program Files\Intel\Intel(R) Management Engine Components\IPT;C:\Program Files\Java\jdk1.8.0_171\bin;C:\PostgreSQL\pg10\bin;C:\apache-maven-3.5.4-bin\apache-maven-3.5.4\bin;C:\Program Files\Java\jdk1.8.0_171\bin;C:\Program Files\nodejs\;C:\Users\Sobiha\AppData\Local\Microsoft\WindowsApps;C:\Users\Sobiha\AppData\Local\Programs\Git\cmd;C:\Users\Sobiha\AppData\Local\Programs\Microsoft VS Code\bin;C:\Users\Sobiha\AppData\Roaming\npm;E:\eclipse;;.]
2018-11-18 20:07:15.757  INFO 50368 --- [main] o.a.c.c.C.[Tomcat].[localhost].[/]       : Initializing Spring embedded WebApplicationContext
2018-11-18 20:07:15.757  INFO 50368 --- [main] o.s.web.context.ContextLoader            : Root WebApplicationContext: initialization completed in 2058 ms
2018-11-18 20:07:15.803  INFO 50368 --- [main] o.s.b.w.servlet.ServletRegistrationBean  : Servlet dispatcherServlet mapped to [/]
2018-11-18 20:07:15.810  INFO 50368 --- [main] o.s.b.w.servlet.FilterRegistrationBean   : Mapping filter: 'characterEncodingFilter' to: [/*]
2018-11-18 20:07:15.810  INFO 50368 --- [main] o.s.b.w.servlet.FilterRegistrationBean   : Mapping filter: 'hiddenHttpMethodFilter' to: [/*]
2018-11-18 20:07:15.810  INFO 50368 --- [main] o.s.b.w.servlet.FilterRegistrationBean   : Mapping filter: 'formContentFilter' to: [/*]
2018-11-18 20:07:15.811  INFO 50368 --- [main] o.s.b.w.servlet.FilterRegistrationBean   : Mapping filter: 'requestContextFilter' to: [/*]
2018-11-18 20:07:15.968  INFO 50368 --- [main] com.zaxxer.hikari.HikariDataSource       : HikariPool-1 - Starting...
2018-11-18 20:07:16.088  INFO 50368 --- [main] com.zaxxer.hikari.HikariDataSource       : HikariPool-1 - Start completed.
2018-11-18 20:07:16.140  INFO 50368 --- [main] o.hibernate.jpa.internal.util.LogHelper  : HHH000204: Processing PersistenceUnitInfo [
	name: default
	...]
2018-11-18 20:07:16.318  INFO 50368 --- [main] org.hibernate.Version                    : HHH000412: Hibernate Core {5.3.7.Final}
2018-11-18 20:07:16.319  INFO 50368 --- [main] org.hibernate.cfg.Environment            : HHH000206: hibernate.properties not found
2018-11-18 20:07:16.500  INFO 50368 --- [main] o.hibernate.annotations.common.Version   : HCANN000001: Hibernate Commons Annotations {5.0.4.Final}
2018-11-18 20:07:16.756  INFO 50368 --- [main] org.hibernate.dialect.Dialect            : HHH000400: Using dialect: org.hibernate.dialect.PostgreSQL94Dialect
2018-11-18 20:07:16.780  INFO 50368 --- [main] o.h.e.j.e.i.LobCreatorBuilderImpl        : HHH000422: Disabling contextual LOB creation as connection was null
2018-11-18 20:07:16.790  INFO 50368 --- [main] org.hibernate.type.BasicTypeRegistry     : HHH000270: Type registration [java.util.UUID] overrides previous : org.hibernate.type.UUIDBinaryType@30e9ca13
2018-11-18 20:07:17.564  INFO 50368 --- [main] j.LocalContainerEntityManagerFactoryBean : Initialized JPA EntityManagerFactory for persistence unit 'default'
2018-11-18 20:07:18.127  INFO 50368 --- [main] o.s.s.concurrent.ThreadPoolTaskExecutor  : Initializing ExecutorService 'applicationTaskExecutor'
2018-11-18 20:07:18.181  WARN 50368 --- [main] aWebConfiguration$JpaWebMvcConfiguration : spring.jpa.open-in-view is enabled by default. Therefore, database queries may be performed during view rendering. Explicitly configure spring.jpa.open-in-view to disable this warning
2018-11-18 20:07:18.355 ERROR 50368 --- [main] org.apache.catalina.util.LifecycleBase   : Failed to start component [Connector[HTTP/1.1-8080]]

org.apache.catalina.LifecycleException: Protocol handler start failed
	at org.apache.catalina.connector.Connector.startInternal(Connector.java:960)
	at org.apache.catalina.util.LifecycleBase.start(LifecycleBase.java:183)
	at org.apache.catalina.core.StandardService.addConnector(StandardService.java:225)
	at org.springframework.boot.web.embedded.tomcat.TomcatWebServer.addPreviouslyRemovedConnectors(TomcatWebServer.java:259)
	at org.springframework.boot.web.embedded.tomcat.TomcatWebServer.start(TomcatWebServer.java:197)
	at org.springframework.boot.web.servlet.context.ServletWebServerApplicationContext.startWebServer(ServletWebServerApplicationContext.java:300)
	at org.springframework.boot.web.servlet.context.ServletWebServerApplicationContext.finishRefresh(ServletWebServerApplicationContext.java:162)
	at org.springframework.context.support.AbstractApplicationContext.refresh(AbstractApplicationContext.java:549)
	at org.springframework.boot.web.servlet.context.ServletWebServerApplicationContext.refresh(ServletWebServerApplicationContext.java:140)
	at org.springframework.boot.SpringApplication.refresh(SpringApplication.java:775)
	at org.springframework.boot.SpringApplication.refreshContext(SpringApplication.java:397)
	at org.springframework.boot.SpringApplication.run(SpringApplication.java:316)
	at org.springframework.boot.SpringApplication.run(SpringApplication.java:1260)
	at org.springframework.boot.SpringApplication.run(SpringApplication.java:1248)
	at com.uni.student.LmSystemApplication.main(LmSystemApplication.java:10)
Caused by: java.net.BindException: Address already in use: bind
	at sun.nio.ch.Net.bind0(Native Method)
	at sun.nio.ch.Net.bind(Unknown Source)
	at sun.nio.ch.Net.bind(Unknown Source)
	at sun.nio.ch.ServerSocketChannelImpl.bind(Unknown Source)
	at sun.nio.ch.ServerSocketAdaptor.bind(Unknown Source)
	at org.apache.tomcat.util.net.NioEndpoint.initServerSocket(NioEndpoint.java:236)
	at org.apache.tomcat.util.net.NioEndpoint.bind(NioEndpoint.java:210)
	at org.apache.tomcat.util.net.AbstractEndpoint.start(AbstractEndpoint.java:1108)
	at org.apache.coyote.AbstractProtocol.start(AbstractProtocol.java:550)
	at org.apache.catalina.connector.Connector.startInternal(Connector.java:957)
	... 14 common frames omitted

2018-11-18 20:07:18.363  INFO 50368 --- [main] o.apache.catalina.core.StandardService   : Stopping service [Tomcat]
2018-11-18 20:07:18.376  INFO 50368 --- [main] ConditionEvaluationReportLoggingListener : 

Error starting ApplicationContext. To display the conditions report re-run your application with 'debug' enabled.
2018-11-18 20:07:18.381 ERROR 50368 --- [main] o.s.b.d.LoggingFailureAnalysisReporter   : 

***************************
APPLICATION FAILED TO START
***************************

Description:

The Tomcat connector configured to listen on port 8080 failed to start. The port may already be in use or the connector may be misconfigured.

Action:

Verify the connector's configuration, identify and stop any process that's listening on port 8080, or configure this application to listen on another port.

2018-11-18 20:07:18.387  INFO 50368 --- [main] o.s.s.concurrent.ThreadPoolTaskExecutor  : Shutting down ExecutorService 'applicationTaskExecutor'
2018-11-18 20:07:18.388  INFO 50368 --- [main] j.LocalContainerEntityManagerFactoryBean : Closing JPA EntityManagerFactory for persistence unit 'default'
2018-11-18 20:07:18.391  INFO 50368 --- [main] com.zaxxer.hikari.HikariDataSource       : HikariPool-1 - Shutdown initiated...
2018-11-18 20:07:18.394  INFO 50368 --- [main] com.zaxxer.hikari.HikariDataSource       : HikariPool-1 - Shutdown completed.
2018-11-18 20:08:27.780  INFO 13820 --- [main] com.uni.student.LmSystemApplication      : Starting LmSystemApplication on DESKTOP-J67JODG with PID 13820 (C:\Users\Sobiha\eclipse-workspace\LMSystem\target\classes started by Sobiha in C:\Users\Sobiha\eclipse-workspace\LMSystem)
2018-11-18 20:08:27.784  INFO 13820 --- [main] com.uni.student.LmSystemApplication      : No active profile set, falling back to default profiles: default
2018-11-18 20:08:28.476  INFO 13820 --- [main] .s.d.r.c.RepositoryConfigurationDelegate : Bootstrapping Spring Data repositories in DEFAULT mode.
2018-11-18 20:08:28.549  INFO 13820 --- [main] .s.d.r.c.RepositoryConfigurationDelegate : Finished Spring Data repository scanning in 66ms. Found 1 repository interfaces.
2018-11-18 20:08:28.875  INFO 13820 --- [main] trationDelegate$BeanPostProcessorChecker : Bean 'org.springframework.transaction.annotation.ProxyTransactionManagementConfiguration' of type [org.springframework.transaction.annotation.ProxyTransactionManagementConfiguration$$EnhancerBySpringCGLIB$$3c58fed1] is not eligible for getting processed by all BeanPostProcessors (for example: not eligible for auto-proxying)
2018-11-18 20:08:29.264  INFO 13820 --- [main] o.s.b.w.embedded.tomcat.TomcatWebServer  : Tomcat initialized with port(s): 8080 (http)
2018-11-18 20:08:29.286  INFO 13820 --- [main] o.apache.catalina.core.StandardService   : Starting service [Tomcat]
2018-11-18 20:08:29.286  INFO 13820 --- [main] org.apache.catalina.core.StandardEngine  : Starting Servlet Engine: Apache Tomcat/9.0.12
2018-11-18 20:08:29.299  INFO 13820 --- [main] o.a.catalina.core.AprLifecycleListener   : The APR based Apache Tomcat Native library which allows optimal performance in production environments was not found on the java.library.path: [C:\Program Files\Java\jre1.8.0_171\bin;C:\windows\Sun\Java\bin;C:\windows\system32;C:\windows;C:/Program Files/Java/jre1.8.0_171/bin/server;C:/Program Files/Java/jre1.8.0_171/bin;C:/Program Files/Java/jre1.8.0_171/lib/amd64;C:\Program Files (x86)\Common Files\Oracle\Java\javapath;C:\Program Files (x86)\Intel\iCLS Client\;C:\Program Files\Intel\iCLS Client\;C:\windows\system32;C:\windows;C:\windows\System32\Wbem;C:\windows\System32\WindowsPowerShell\v1.0\;C:\Program Files\Intel\WiFi\bin\;C:\Program Files\Common Files\Intel\WirelessCommon\;C:\Program Files (x86)\Intel\Intel(R) Management Engine Components\DAL;C:\Program Files\Intel\Intel(R) Management Engine Components\DAL;C:\Program Files (x86)\Intel\Intel(R) Management Engine Components\IPT;C:\Program Files\Intel\Intel(R) Management Engine Components\IPT;C:\Program Files\Java\jdk1.8.0_171\bin;C:\PostgreSQL\pg10\bin;C:\apache-maven-3.5.4-bin\apache-maven-3.5.4\bin;C:\Program Files\Java\jdk1.8.0_171\bin;C:\Program Files\nodejs\;C:\Users\Sobiha\AppData\Local\Microsoft\WindowsApps;C:\Users\Sobiha\AppData\Local\Programs\Git\cmd;C:\Users\Sobiha\AppData\Local\Programs\Microsoft VS Code\bin;C:\Users\Sobiha\AppData\Roaming\npm;E:\eclipse;;.]
2018-11-18 20:08:29.450  INFO 13820 --- [main] o.a.c.c.C.[Tomcat].[localhost].[/]       : Initializing Spring embedded WebApplicationContext
2018-11-18 20:08:29.450  INFO 13820 --- [main] o.s.web.context.ContextLoader            : Root WebApplicationContext: initialization completed in 1619 ms
2018-11-18 20:08:29.490  INFO 13820 --- [main] o.s.b.w.servlet.ServletRegistrationBean  : Servlet dispatcherServlet mapped to [/]
2018-11-18 20:08:29.496  INFO 13820 --- [main] o.s.b.w.servlet.FilterRegistrationBean   : Mapping filter: 'characterEncodingFilter' to: [/*]
2018-11-18 20:08:29.496  INFO 13820 --- [main] o.s.b.w.servlet.FilterRegistrationBean   : Mapping filter: 'hiddenHttpMethodFilter' to: [/*]
2018-11-18 20:08:29.496  INFO 13820 --- [main] o.s.b.w.servlet.FilterRegistrationBean   : Mapping filter: 'formContentFilter' to: [/*]
2018-11-18 20:08:29.496  INFO 13820 --- [main] o.s.b.w.servlet.FilterRegistrationBean   : Mapping filter: 'requestContextFilter' to: [/*]
2018-11-18 20:08:29.637  INFO 13820 --- [main] com.zaxxer.hikari.HikariDataSource       : HikariPool-1 - Starting...
2018-11-18 20:08:29.772  INFO 13820 --- [main] com.zaxxer.hikari.HikariDataSource       : HikariPool-1 - Start completed.
2018-11-18 20:08:29.818  INFO 13820 --- [main] o.hibernate.jpa.internal.util.LogHelper  : HHH000204: Processing PersistenceUnitInfo [
	name: default
	...]
2018-11-18 20:08:29.980  INFO 13820 --- [main] org.hibernate.Version                    : HHH000412: Hibernate Core {5.3.7.Final}
2018-11-18 20:08:29.982  INFO 13820 --- [main] org.hibernate.cfg.Environment            : HHH000206: hibernate.properties not found
2018-11-18 20:08:30.141  INFO 13820 --- [main] o.hibernate.annotations.common.Version   : HCANN000001: Hibernate Commons Annotations {5.0.4.Final}
2018-11-18 20:08:30.302  INFO 13820 --- [main] org.hibernate.dialect.Dialect            : HHH000400: Using dialect: org.hibernate.dialect.PostgreSQL94Dialect
2018-11-18 20:08:30.319  INFO 13820 --- [main] o.h.e.j.e.i.LobCreatorBuilderImpl        : HHH000422: Disabling contextual LOB creation as connection was null
2018-11-18 20:08:30.327  INFO 13820 --- [main] org.hibernate.type.BasicTypeRegistry     : HHH000270: Type registration [java.util.UUID] overrides previous : org.hibernate.type.UUIDBinaryType@476ee5b3
2018-11-18 20:08:30.927  INFO 13820 --- [main] j.LocalContainerEntityManagerFactoryBean : Initialized JPA EntityManagerFactory for persistence unit 'default'
2018-11-18 20:08:31.372  INFO 13820 --- [main] o.s.s.concurrent.ThreadPoolTaskExecutor  : Initializing ExecutorService 'applicationTaskExecutor'
2018-11-18 20:08:31.410  WARN 13820 --- [main] aWebConfiguration$JpaWebMvcConfiguration : spring.jpa.open-in-view is enabled by default. Therefore, database queries may be performed during view rendering. Explicitly configure spring.jpa.open-in-view to disable this warning
2018-11-18 20:08:31.672  INFO 13820 --- [main] o.s.b.w.embedded.tomcat.TomcatWebServer  : Tomcat started on port(s): 8080 (http) with context path ''
2018-11-18 20:08:31.676  INFO 13820 --- [main] com.uni.student.LmSystemApplication      : Started LmSystemApplication in 4.215 seconds (JVM running for 5.34)
2018-11-18 20:11:49.012  INFO 13820 --- [RMI TCP Connection(13)-127.0.0.1] inMXBeanRegistrar$SpringApplicationAdmin : Application shutdown requested.
2018-11-18 20:11:49.016  INFO 13820 --- [RMI TCP Connection(13)-127.0.0.1] o.s.s.concurrent.ThreadPoolTaskExecutor  : Shutting down ExecutorService 'applicationTaskExecutor'
2018-11-18 20:11:49.019  INFO 13820 --- [RMI TCP Connection(13)-127.0.0.1] j.LocalContainerEntityManagerFactoryBean : Closing JPA EntityManagerFactory for persistence unit 'default'
2018-11-18 20:11:49.025  INFO 13820 --- [RMI TCP Connection(13)-127.0.0.1] com.zaxxer.hikari.HikariDataSource       : HikariPool-1 - Shutdown initiated...
2018-11-18 20:11:49.030  INFO 13820 --- [RMI TCP Connection(13)-127.0.0.1] com.zaxxer.hikari.HikariDataSource       : HikariPool-1 - Shutdown completed.
